
==================================================
Epoch: 0 / 2000
Duration / Epoch: 0.179
Train loss: 1.38738e-01
Train loss - RGB: 1.37838e-01
Train loss - Segmentation: 1.80069e+00
Ref loss: 1.74530e-01
Ref loss - RGB: 1.74181e-01
Ref loss - Segmentation: 6.97018e-01
Mean outout: 0.38121


==================================================
Epoch: 20 / 2000
Duration / Epoch: 1.519
Train loss: 6.81595e-02
Train loss - RGB: 6.78816e-02
Train loss - Segmentation: 5.55709e-01
Ref loss: 8.37151e-02
Ref loss - RGB: 8.33922e-02
Ref loss - Segmentation: 6.45835e-01
Mean outout: 0.08813


==================================================
Epoch: 40 / 2000
Duration / Epoch: 1.562
Train loss: 5.45157e-02
Train loss - RGB: 5.41947e-02
Train loss - Segmentation: 6.42196e-01
Ref loss: 7.29689e-02
Ref loss - RGB: 7.26786e-02
Ref loss - Segmentation: 5.80693e-01
Mean outout: 0.11278


==================================================
Epoch: 60 / 2000
Duration / Epoch: 1.555
Train loss: 2.89909e-02
Train loss - RGB: 2.87744e-02
Train loss - Segmentation: 4.32960e-01
Ref loss: 3.70322e-02
Ref loss - RGB: 3.68139e-02
Ref loss - Segmentation: 4.36542e-01
Mean outout: 0.14142


==================================================
Epoch: 80 / 2000
Duration / Epoch: 1.507
Train loss: 2.31558e-02
Train loss - RGB: 2.29403e-02
Train loss - Segmentation: 4.31019e-01
Ref loss: 3.15393e-02
Ref loss - RGB: 3.13223e-02
Ref loss - Segmentation: 4.33923e-01
Mean outout: 0.12191


==================================================
Epoch: 100 / 2000
Duration / Epoch: 1.498
Train loss: 1.63521e-02
Train loss - RGB: 1.62241e-02
Train loss - Segmentation: 2.55944e-01
Ref loss: 2.50111e-02
Ref loss - RGB: 2.48572e-02
Ref loss - Segmentation: 3.07795e-01
Mean outout: 0.14950


==================================================
Epoch: 120 / 2000
Duration / Epoch: 1.484
Train loss: 2.99610e-02
Train loss - RGB: 2.98074e-02
Train loss - Segmentation: 3.07346e-01
Ref loss: 2.65135e-02
Ref loss - RGB: 2.63659e-02
Ref loss - Segmentation: 2.95334e-01
Mean outout: 0.13363


==================================================
Epoch: 140 / 2000
Duration / Epoch: 1.508
Train loss: 1.64517e-02
Train loss - RGB: 1.63313e-02
Train loss - Segmentation: 2.40723e-01
Ref loss: 1.82686e-02
Ref loss - RGB: 1.81503e-02
Ref loss - Segmentation: 2.36528e-01
Mean outout: 0.13451


==================================================
Epoch: 160 / 2000
Duration / Epoch: 1.474
Train loss: 1.00004e-02
Train loss - RGB: 9.87803e-03
Train loss - Segmentation: 2.44714e-01
Ref loss: 2.17303e-02
Ref loss - RGB: 2.15860e-02
Ref loss - Segmentation: 2.88710e-01
Mean outout: 0.10780


==================================================
Epoch: 180 / 2000
Duration / Epoch: 1.477
Train loss: 5.70087e-03
Train loss - RGB: 5.63447e-03
Train loss - Segmentation: 1.32796e-01
Ref loss: 1.45703e-02
Ref loss - RGB: 1.44677e-02
Ref loss - Segmentation: 2.05194e-01
Mean outout: 0.07907


==================================================
Epoch: 200 / 2000
Duration / Epoch: 1.458
Train loss: 8.93276e-03
Train loss - RGB: 8.79484e-03
Train loss - Segmentation: 2.75839e-01
Ref loss: 1.28059e-02
Ref loss - RGB: 1.27163e-02
Ref loss - Segmentation: 1.79256e-01
Mean outout: 0.06602


==================================================
Epoch: 220 / 2000
Duration / Epoch: 1.458
Train loss: 1.19852e-02
Train loss - RGB: 1.18991e-02
Train loss - Segmentation: 1.72026e-01
Ref loss: 1.09348e-02
Ref loss - RGB: 1.08555e-02
Ref loss - Segmentation: 1.58684e-01
Mean outout: 0.14390


==================================================
Epoch: 240 / 2000
Duration / Epoch: 1.471
Train loss: 8.01044e-03
Train loss - RGB: 7.91807e-03
Train loss - Segmentation: 1.84730e-01
Ref loss: 1.06089e-02
Ref loss - RGB: 1.05321e-02
Ref loss - Segmentation: 1.53621e-01
Mean outout: 0.12004


==================================================
Epoch: 260 / 2000
Duration / Epoch: 1.457
Train loss: 1.12908e-02
Train loss - RGB: 1.12167e-02
Train loss - Segmentation: 1.48075e-01
Ref loss: 8.98473e-03
Ref loss - RGB: 8.91258e-03
Ref loss - Segmentation: 1.44306e-01
Mean outout: 0.16671


==================================================
Epoch: 280 / 2000
Duration / Epoch: 1.458
Train loss: 1.02396e-02
Train loss - RGB: 1.01605e-02
Train loss - Segmentation: 1.58229e-01
Ref loss: 9.70066e-03
Ref loss - RGB: 9.62884e-03
Ref loss - Segmentation: 1.43640e-01
Mean outout: 0.13869


==================================================
Epoch: 300 / 2000
Duration / Epoch: 1.459
Train loss: 6.90549e-03
Train loss - RGB: 6.81327e-03
Train loss - Segmentation: 1.84450e-01
Ref loss: 9.12405e-03
Ref loss - RGB: 9.04790e-03
Ref loss - Segmentation: 1.52298e-01
Mean outout: 0.10974


==================================================
Epoch: 320 / 2000
Duration / Epoch: 1.460
Train loss: 6.18608e-03
Train loss - RGB: 6.10334e-03
Train loss - Segmentation: 1.65481e-01
Ref loss: 8.21416e-03
Ref loss - RGB: 8.15035e-03
Ref loss - Segmentation: 1.27612e-01
Mean outout: 0.12276


==================================================
Epoch: 340 / 2000
Duration / Epoch: 1.460
Train loss: 8.23514e-03
Train loss - RGB: 8.14072e-03
Train loss - Segmentation: 1.88841e-01
Ref loss: 9.22540e-03
Ref loss - RGB: 9.15548e-03
Ref loss - Segmentation: 1.39825e-01
Mean outout: 0.12674


==================================================
Epoch: 360 / 2000
Duration / Epoch: 1.463
Train loss: 6.17560e-03
Train loss - RGB: 6.09553e-03
Train loss - Segmentation: 1.60155e-01
Ref loss: 7.93849e-03
Ref loss - RGB: 7.87283e-03
Ref loss - Segmentation: 1.31328e-01
Mean outout: 0.13713


==================================================
Epoch: 380 / 2000
Duration / Epoch: 1.464
Train loss: 5.69999e-03
Train loss - RGB: 5.63603e-03
Train loss - Segmentation: 1.27913e-01
Ref loss: 8.74203e-03
Ref loss - RGB: 8.69417e-03
Ref loss - Segmentation: 9.57186e-02
Mean outout: 0.11907


==================================================
Epoch: 400 / 2000
Duration / Epoch: 1.462
Train loss: 9.82268e-03
Train loss - RGB: 9.71525e-03
Train loss - Segmentation: 2.14855e-01
Ref loss: 7.48494e-03
Ref loss - RGB: 7.43412e-03
Ref loss - Segmentation: 1.01629e-01
Mean outout: 0.12870


==================================================
Epoch: 420 / 2000
Duration / Epoch: 1.461
Train loss: 8.19693e-03
Train loss - RGB: 8.10223e-03
Train loss - Segmentation: 1.89401e-01
Ref loss: 6.96570e-03
Ref loss - RGB: 6.92309e-03
Ref loss - Segmentation: 8.52116e-02
Mean outout: 0.14950


==================================================
Epoch: 440 / 2000
Duration / Epoch: 1.460
Train loss: 9.54566e-03
Train loss - RGB: 9.47505e-03
Train loss - Segmentation: 1.41239e-01
Ref loss: 8.40324e-03
Ref loss - RGB: 8.35308e-03
Ref loss - Segmentation: 1.00310e-01
Mean outout: 0.14823


==================================================
Epoch: 460 / 2000
Duration / Epoch: 1.460
Train loss: 5.30654e-03
Train loss - RGB: 5.24166e-03
Train loss - Segmentation: 1.29754e-01
Ref loss: 7.19675e-03
Ref loss - RGB: 7.13909e-03
Ref loss - Segmentation: 1.15328e-01
Mean outout: 0.12767


==================================================
Epoch: 480 / 2000
Duration / Epoch: 1.460
Train loss: 4.40113e-03
Train loss - RGB: 4.21545e-03
Train loss - Segmentation: 3.71362e-01
Ref loss: 8.22048e-03
Ref loss - RGB: 8.17431e-03
Ref loss - Segmentation: 9.23487e-02
Mean outout: 0.05851


==================================================
Epoch: 500 / 2000
Duration / Epoch: 1.460
Train loss: 4.17542e-03
Train loss - RGB: 4.06770e-03
Train loss - Segmentation: 2.15436e-01
Ref loss: 6.98376e-03
Ref loss - RGB: 6.94900e-03
Ref loss - Segmentation: 6.95238e-02
Mean outout: 0.07391


==================================================
Epoch: 520 / 2000
Duration / Epoch: 1.459
Train loss: 3.51715e-03
Train loss - RGB: 3.39832e-03
Train loss - Segmentation: 2.37643e-01
Ref loss: 6.71477e-03
Ref loss - RGB: 6.67372e-03
Ref loss - Segmentation: 8.20973e-02
Mean outout: 0.10730


==================================================
Epoch: 540 / 2000
Duration / Epoch: 1.460
Train loss: 6.43543e-03
Train loss - RGB: 6.36413e-03
Train loss - Segmentation: 1.42592e-01
Ref loss: 7.98078e-03
Ref loss - RGB: 7.92409e-03
Ref loss - Segmentation: 1.13387e-01
Mean outout: 0.13767


==================================================
Epoch: 560 / 2000
Duration / Epoch: 1.459
Train loss: 7.87959e-03
Train loss - RGB: 7.76646e-03
Train loss - Segmentation: 2.26254e-01
Ref loss: 6.92402e-03
Ref loss - RGB: 6.87694e-03
Ref loss - Segmentation: 9.41623e-02
Mean outout: 0.17069


==================================================
Epoch: 580 / 2000
Duration / Epoch: 1.486
Train loss: 3.56816e-03
Train loss - RGB: 3.46396e-03
Train loss - Segmentation: 2.08410e-01
Ref loss: 8.24294e-03
Ref loss - RGB: 8.21389e-03
Ref loss - Segmentation: 5.81161e-02
Mean outout: 0.08319


==================================================
Epoch: 600 / 2000
Duration / Epoch: 1.465
Train loss: 7.22560e-03
Train loss - RGB: 7.18605e-03
Train loss - Segmentation: 7.91074e-02
Ref loss: 6.55403e-03
Ref loss - RGB: 6.50837e-03
Ref loss - Segmentation: 9.13150e-02
Mean outout: 0.18619


==================================================
Epoch: 620 / 2000
Duration / Epoch: 1.460
Train loss: 5.84504e-03
Train loss - RGB: 5.64771e-03
Train loss - Segmentation: 3.94673e-01
Ref loss: 6.50345e-03
Ref loss - RGB: 6.46835e-03
Ref loss - Segmentation: 7.02005e-02
Mean outout: 0.10901


==================================================
Epoch: 640 / 2000
Duration / Epoch: 1.460
Train loss: 3.89400e-03
Train loss - RGB: 3.72829e-03
Train loss - Segmentation: 3.31423e-01
Ref loss: 7.53657e-03
Ref loss - RGB: 7.46016e-03
Ref loss - Segmentation: 1.52804e-01
Mean outout: 0.07330


==================================================
Epoch: 660 / 2000
Duration / Epoch: 1.460
Train loss: 7.72972e-03
Train loss - RGB: 7.61899e-03
Train loss - Segmentation: 2.21472e-01
Ref loss: 9.05508e-03
Ref loss - RGB: 8.94695e-03
Ref loss - Segmentation: 2.16254e-01
Mean outout: 0.14868


==================================================
Epoch: 680 / 2000
Duration / Epoch: 1.460
Train loss: 6.46155e-03
Train loss - RGB: 6.38615e-03
Train loss - Segmentation: 1.50804e-01
Ref loss: 7.46435e-03
Ref loss - RGB: 7.42345e-03
Ref loss - Segmentation: 8.18049e-02
Mean outout: 0.10844


==================================================
Epoch: 700 / 2000
Duration / Epoch: 1.659
Train loss: 5.93845e-03
Train loss - RGB: 5.86102e-03
Train loss - Segmentation: 1.54849e-01
Ref loss: 5.64275e-03
Ref loss - RGB: 5.58791e-03
Ref loss - Segmentation: 1.09687e-01
Mean outout: 0.18057


==================================================
Epoch: 720 / 2000
Duration / Epoch: 1.539
Train loss: 5.14347e-03
Train loss - RGB: 5.10603e-03
Train loss - Segmentation: 7.48727e-02
Ref loss: 5.11710e-03
Ref loss - RGB: 5.07313e-03
Ref loss - Segmentation: 8.79434e-02
Mean outout: 0.15941


==================================================
Epoch: 740 / 2000
Duration / Epoch: 1.460
Train loss: 3.04126e-03
Train loss - RGB: 2.98672e-03
Train loss - Segmentation: 1.09092e-01
Ref loss: 5.34974e-03
Ref loss - RGB: 5.31813e-03
Ref loss - Segmentation: 6.32233e-02
Mean outout: 0.09994


==================================================
Epoch: 760 / 2000
Duration / Epoch: 1.514
Train loss: 4.67376e-03
Train loss - RGB: 4.59239e-03
Train loss - Segmentation: 1.62739e-01
Ref loss: 6.18668e-03
Ref loss - RGB: 6.13852e-03
Ref loss - Segmentation: 9.63184e-02
Mean outout: 0.13751


==================================================
Epoch: 780 / 2000
Duration / Epoch: 1.743
Train loss: 6.19777e-03
Train loss - RGB: 6.17047e-03
Train loss - Segmentation: 5.46086e-02
Ref loss: 5.77732e-03
Ref loss - RGB: 5.74678e-03
Ref loss - Segmentation: 6.10883e-02
Mean outout: 0.17401


==================================================
Epoch: 800 / 2000
Duration / Epoch: 1.622
Train loss: 2.84188e-03
Train loss - RGB: 2.81348e-03
Train loss - Segmentation: 5.67985e-02
Ref loss: 6.40503e-03
Ref loss - RGB: 6.37686e-03
Ref loss - Segmentation: 5.63581e-02
Mean outout: 0.08576


==================================================
Epoch: 820 / 2000
Duration / Epoch: 1.635
Train loss: 4.33376e-03
Train loss - RGB: 4.30501e-03
Train loss - Segmentation: 5.75047e-02
Ref loss: 5.34635e-03
Ref loss - RGB: 5.32195e-03
Ref loss - Segmentation: 4.87993e-02
Mean outout: 0.13382


==================================================
Epoch: 840 / 2000
Duration / Epoch: 1.584
Train loss: 4.47160e-03
Train loss - RGB: 4.44975e-03
Train loss - Segmentation: 4.36997e-02
Ref loss: 4.46596e-03
Ref loss - RGB: 4.44173e-03
Ref loss - Segmentation: 4.84454e-02
Mean outout: 0.15883


==================================================
Epoch: 860 / 2000
Duration / Epoch: 1.588
Train loss: 6.83086e-03
Train loss - RGB: 6.78047e-03
Train loss - Segmentation: 1.00773e-01
Ref loss: 6.13371e-03
Ref loss - RGB: 6.10773e-03
Ref loss - Segmentation: 5.19570e-02
Mean outout: 0.13459


==================================================
Epoch: 880 / 2000
Duration / Epoch: 1.690
Train loss: 6.24226e-03
Train loss - RGB: 6.22093e-03
Train loss - Segmentation: 4.26638e-02
Ref loss: 4.71790e-03
Ref loss - RGB: 4.69491e-03
Ref loss - Segmentation: 4.59884e-02
Mean outout: 0.16055


==================================================
Epoch: 900 / 2000
Duration / Epoch: 1.593
Train loss: 3.32831e-03
Train loss - RGB: 3.26862e-03
Train loss - Segmentation: 1.19379e-01
Ref loss: 5.99079e-03
Ref loss - RGB: 5.95311e-03
Ref loss - Segmentation: 7.53517e-02
Mean outout: 0.06974


==================================================
Epoch: 920 / 2000
Duration / Epoch: 1.580
Train loss: 3.09954e-03
Train loss - RGB: 3.06456e-03
Train loss - Segmentation: 6.99460e-02
Ref loss: 6.13882e-03
Ref loss - RGB: 6.10557e-03
Ref loss - Segmentation: 6.65171e-02
Mean outout: 0.07437


==================================================
Epoch: 940 / 2000
Duration / Epoch: 1.578
Train loss: 3.44493e-03
Train loss - RGB: 3.39471e-03
Train loss - Segmentation: 1.00430e-01
Ref loss: 5.01014e-03
Ref loss - RGB: 4.97991e-03
Ref loss - Segmentation: 6.04561e-02
Mean outout: 0.10821


==================================================
Epoch: 960 / 2000
Duration / Epoch: 1.578
Train loss: 3.98416e-03
Train loss - RGB: 3.94959e-03
Train loss - Segmentation: 6.91504e-02
Ref loss: 4.58553e-03
Ref loss - RGB: 4.55941e-03
Ref loss - Segmentation: 5.22391e-02
Mean outout: 0.12571


==================================================
Epoch: 980 / 2000
Duration / Epoch: 1.584
Train loss: 5.60534e-03
Train loss - RGB: 5.58598e-03
Train loss - Segmentation: 3.87134e-02
Ref loss: 4.91890e-03
Ref loss - RGB: 4.89338e-03
Ref loss - Segmentation: 5.10332e-02
Mean outout: 0.18529


==================================================
Epoch: 1000 / 2000
Duration / Epoch: 1.603
Train loss: 2.80941e-03
Train loss - RGB: 2.78685e-03
Train loss - Segmentation: 4.51267e-02
Ref loss: 5.45814e-03
Ref loss - RGB: 5.42245e-03
Ref loss - Segmentation: 7.13843e-02
Mean outout: 0.15377


==================================================
Epoch: 1020 / 2000
Duration / Epoch: 1.594
Train loss: 5.39223e-03
Train loss - RGB: 5.36705e-03
Train loss - Segmentation: 5.03474e-02
Ref loss: 6.67163e-03
Ref loss - RGB: 6.65124e-03
Ref loss - Segmentation: 4.07850e-02
Mean outout: 0.21047


==================================================
Epoch: 1040 / 2000
Duration / Epoch: 1.568
Train loss: 4.55909e-03
Train loss - RGB: 4.52795e-03
Train loss - Segmentation: 6.22949e-02
Ref loss: 5.75120e-03
Ref loss - RGB: 5.70248e-03
Ref loss - Segmentation: 9.74575e-02
Mean outout: 0.21271


==================================================
Epoch: 1060 / 2000
Duration / Epoch: 1.542
Train loss: 4.31934e-03
Train loss - RGB: 4.28513e-03
Train loss - Segmentation: 6.84270e-02
Ref loss: 5.05619e-03
Ref loss - RGB: 5.00733e-03
Ref loss - Segmentation: 9.77183e-02
Mean outout: 0.14769


==================================================
Epoch: 1080 / 2000
Duration / Epoch: 1.542
Train loss: 4.88755e-03
Train loss - RGB: 4.83503e-03
Train loss - Segmentation: 1.05043e-01
Ref loss: 3.69278e-03
Ref loss - RGB: 3.66471e-03
Ref loss - Segmentation: 5.61399e-02
Mean outout: 0.13493


==================================================
Epoch: 1100 / 2000
Duration / Epoch: 1.549
Train loss: 3.33679e-03
Train loss - RGB: 3.31810e-03
Train loss - Segmentation: 3.73704e-02
Ref loss: 3.79810e-03
Ref loss - RGB: 3.76625e-03
Ref loss - Segmentation: 6.36962e-02
Mean outout: 0.16537


==================================================
Epoch: 1120 / 2000
Duration / Epoch: 1.541
Train loss: 6.61790e-03
Train loss - RGB: 6.57538e-03
Train loss - Segmentation: 8.50366e-02
Ref loss: 4.63344e-03
Ref loss - RGB: 4.60407e-03
Ref loss - Segmentation: 5.87405e-02
Mean outout: 0.16529


==================================================
Epoch: 1140 / 2000
Duration / Epoch: 1.540
Train loss: 4.37533e-03
Train loss - RGB: 4.33014e-03
Train loss - Segmentation: 9.03930e-02
Ref loss: 3.63750e-03
Ref loss - RGB: 3.61935e-03
Ref loss - Segmentation: 3.63030e-02
Mean outout: 0.18700


==================================================
Epoch: 1160 / 2000
Duration / Epoch: 1.539
Train loss: 3.03596e-03
Train loss - RGB: 3.01139e-03
Train loss - Segmentation: 4.91398e-02
Ref loss: 3.32997e-03
Ref loss - RGB: 3.30163e-03
Ref loss - Segmentation: 5.66722e-02
Mean outout: 0.17218


==================================================
Epoch: 1180 / 2000
Duration / Epoch: 1.545
Train loss: 5.42103e-03
Train loss - RGB: 5.38332e-03
Train loss - Segmentation: 7.54255e-02
Ref loss: 4.51932e-03
Ref loss - RGB: 4.48137e-03
Ref loss - Segmentation: 7.59021e-02
Mean outout: 0.14284


==================================================
Epoch: 1200 / 2000
Duration / Epoch: 1.590
Train loss: 3.02966e-03
Train loss - RGB: 2.99980e-03
Train loss - Segmentation: 5.97054e-02
Ref loss: 4.81207e-03
Ref loss - RGB: 4.79417e-03
Ref loss - Segmentation: 3.57924e-02
Mean outout: 0.10990


==================================================
Epoch: 1220 / 2000
Duration / Epoch: 1.600
Train loss: 3.19247e-03
Train loss - RGB: 3.16188e-03
Train loss - Segmentation: 6.11811e-02
Ref loss: 3.69643e-03
Ref loss - RGB: 3.67402e-03
Ref loss - Segmentation: 4.48216e-02
Mean outout: 0.13929


==================================================
Epoch: 1240 / 2000
Duration / Epoch: 1.616
Train loss: 3.44364e-03
Train loss - RGB: 3.41905e-03
Train loss - Segmentation: 4.91817e-02
Ref loss: 4.04134e-03
Ref loss - RGB: 4.02055e-03
Ref loss - Segmentation: 4.15759e-02
Mean outout: 0.14310


==================================================
Epoch: 1260 / 2000
Duration / Epoch: 1.635
Train loss: 3.75338e-03
Train loss - RGB: 3.72933e-03
Train loss - Segmentation: 4.80850e-02
Ref loss: 3.17095e-03
Ref loss - RGB: 3.14816e-03
Ref loss - Segmentation: 4.55904e-02
Mean outout: 0.16716


==================================================
Epoch: 1280 / 2000
Duration / Epoch: 1.642
Train loss: 2.45220e-03
Train loss - RGB: 2.40758e-03
Train loss - Segmentation: 8.92376e-02
Ref loss: 4.51486e-03
Ref loss - RGB: 4.47937e-03
Ref loss - Segmentation: 7.09697e-02
Mean outout: 0.06553


==================================================
Epoch: 1300 / 2000
Duration / Epoch: 1.585
Train loss: 3.69301e-03
Train loss - RGB: 3.67048e-03
Train loss - Segmentation: 4.50554e-02
Ref loss: 4.09464e-03
Ref loss - RGB: 4.07339e-03
Ref loss - Segmentation: 4.24854e-02
Mean outout: 0.13959


==================================================
Epoch: 1320 / 2000
Duration / Epoch: 1.563
Train loss: 2.89525e-03
Train loss - RGB: 2.86480e-03
Train loss - Segmentation: 6.09132e-02
Ref loss: 3.06510e-03
Ref loss - RGB: 3.04730e-03
Ref loss - Segmentation: 3.55990e-02
Mean outout: 0.14581

